			GAMEHUB          

FECHA: 9-3-2017
HORA: 11:38:30
VENDEDOR: 
CLIENTE: 

CANTIDAD DE ARTÍCULOS: 

Nintendo 64	1100
Nintendo 64	1100
Nintendo 64	1100
Nintendo 64	1100
Nintendo 64	1100
Nintendo 64	1100
Nintendo 64	1100
Nintendo 64	1100
Nintendo 64	1100
Nintendo 64	1100
Play Station	1400
Play Station	1400
Play Station	1400
Play Station	1400
Play Station	1400
Play Station	1400
Play Station	1400
Play Station	1400
Play Station	1400
Play Station	1400
Wii	1350
Wii	1350
Wii	1350
Wii	1350
Wii	1350
Wii	1350
Wii	1350
Wii	1350
Wii	1350
Wii	1350
Nintendo Gamecube	1200
Nintendo Gamecube	1200
Nintendo Gamecube	1200
Nintendo Gamecube	1200
Nintendo Gamecube	1200
Nintendo Gamecube	1200
Nintendo Gamecube	1200
Nintendo Gamecube	1200
Nintendo Gamecube	1200
Nintendo Gamecube	1200
SUBTOTAL: 50500
IMPUESTO (15%): 7575
TOTAL: 58075
